<?xml version="1.0" encoding="utf-8"?><testsuites name="pytest tests"><testsuite name="pytest" errors="0" failures="1" skipped="1" tests="25" time="6.033" timestamp="2026-05-13T13:20:43.409267+00:00" hostname="agent-env-5c53e6c7-e591-4727-8af4-384b6ec6396a"><testcase classname="backend.tests.backend_test.TestAuth" name="test_login_invalid" time="0.547" /><testcase classname="backend.tests.backend_test.TestAuth" name="test_me_requires_auth" time="0.113" /><testcase classname="backend.tests.backend_test.TestAuth" name="test_me_with_token" time="0.490" /><testcase classname="backend.tests.backend_test.TestAuth" name="test_register_pelamar_and_autologin" time="0.398" /><testcase classname="backend.tests.backend_test.TestAuth" name="test_register_duplicate" time="0.151" /><testcase classname="backend.tests.backend_test.TestAuth" name="test_protected_invalid_token" time="0.107" /><testcase classname="backend.tests.backend_test.TestPositions" name="test_list_positions_public" time="0.151"><failure message="AssertionError: assert 1 &gt;= 3&#10; +  where 1 = len([{'closing_date': '2026-05-18', 'created_at': '2026-05-13T12:26:49.330416+00:00', 'department': 'PLANT', 'description': 'BISA MENGUASAI BERBAGAI MACAM JURUS', ...}])">backend/tests/backend_test.py:106: in test_list_positions_public
    assert len(rows) &gt;= 3
E   AssertionError: assert 1 &gt;= 3
E    +  where 1 = len([{'closing_date': '2026-05-18', 'created_at': '2026-05-13T12:26:49.330416+00:00', 'department': 'PLANT', 'description': 'BISA MENGUASAI BERBAGAI MACAM JURUS', ...}])</failure></testcase><testcase classname="backend.tests.backend_test.TestPositions" name="test_pelamar_cannot_create_position" time="0.506" /><testcase classname="backend.tests.backend_test.TestPositions" name="test_hr_can_create_and_delete_position" time="0.336" /><testcase classname="backend.tests.backend_test.TestApplications" name="test_pel_mine_returns_list" time="0.131" /><testcase classname="backend.tests.backend_test.TestApplications" name="test_pel_cannot_list_all" time="0.102" /><testcase classname="backend.tests.backend_test.TestApplications" name="test_hr_can_list_all" time="0.121" /><testcase classname="backend.tests.backend_test.TestApplications" name="test_create_application_and_duplicate" time="0.242"><skipped type="pytest.skip" message="Pelamar already applied to all positions">/app/backend/tests/backend_test.py:163: Pelamar already applied to all positions</skipped></testcase><testcase classname="backend.tests.backend_test.TestApplications" name="test_hr_update_stage" time="0.310" /><testcase classname="backend.tests.backend_test.TestApplications" name="test_hr_update_scores" time="0.163" /><testcase classname="backend.tests.backend_test.TestSAW" name="test_pelamar_cannot_access_ranking" time="0.119" /><testcase classname="backend.tests.backend_test.TestSAW" name="test_saw_info_schema" time="0.120" /><testcase classname="backend.tests.backend_test.TestSAW" name="test_ranking_returns_sorted_with_breakdown" time="0.109" /><testcase classname="backend.tests.backend_test.TestSAW" name="test_benefit_cost_normalization_math" time="0.220" /><testcase classname="backend.tests.backend_test.TestInterviews" name="test_hr_create_interview_notifies_pelamar" time="0.261" /><testcase classname="backend.tests.backend_test.TestInterviews" name="test_pelamar_lists_only_own_interviews" time="0.168" /><testcase classname="backend.tests.backend_test.TestMessages" name="test_message_roundtrip" time="0.417" /><testcase classname="backend.tests.backend_test.TestNotifications" name="test_get_and_read_all" time="0.265" /><testcase classname="backend.tests.backend_test.TestStats" name="test_pelamar_forbidden" time="0.127" /><testcase classname="backend.tests.backend_test.TestStats" name="test_hr_stats" time="0.112" /></testsuite></testsuites>