<?xml version="1.0" encoding="utf-8"?><testsuites name="pytest tests"><testsuite name="pytest" errors="0" failures="0" skipped="0" tests="23" time="5.941" timestamp="2026-05-13T12:09:46.089262+00:00" hostname="agent-env-5c53e6c7-e591-4727-8af4-384b6ec6396a"><testcase classname="backend.tests.backend_test.TestAuth" name="test_login_invalid" time="0.460" /><testcase classname="backend.tests.backend_test.TestAuth" name="test_me_requires_auth" time="0.118" /><testcase classname="backend.tests.backend_test.TestAuth" name="test_me_with_token" time="0.482" /><testcase classname="backend.tests.backend_test.TestAuth" name="test_register_pelamar_and_autologin" time="0.367" /><testcase classname="backend.tests.backend_test.TestAuth" name="test_register_duplicate" time="0.156" /><testcase classname="backend.tests.backend_test.TestAuth" name="test_protected_invalid_token" time="0.121" /><testcase classname="backend.tests.backend_test.TestPositions" name="test_list_positions_public" time="0.445" /><testcase classname="backend.tests.backend_test.TestPositions" name="test_pelamar_cannot_create_position" time="0.462" /><testcase classname="backend.tests.backend_test.TestPositions" name="test_hr_can_create_and_delete_position" time="0.381" /><testcase classname="backend.tests.backend_test.TestApplications" name="test_pel_mine_returns_list" time="0.139" /><testcase classname="backend.tests.backend_test.TestApplications" name="test_pel_cannot_list_all" time="0.101" /><testcase classname="backend.tests.backend_test.TestApplications" name="test_hr_can_list_all" time="0.106" /><testcase classname="backend.tests.backend_test.TestApplications" name="test_create_application_and_duplicate" time="0.391" /><testcase classname="backend.tests.backend_test.TestApplications" name="test_hr_update_stage" time="0.295" /><testcase classname="backend.tests.backend_test.TestApplications" name="test_hr_update_scores" time="0.156" /><testcase classname="backend.tests.backend_test.TestSAW" name="test_pelamar_cannot_access_ranking" time="0.108" /><testcase classname="backend.tests.backend_test.TestSAW" name="test_ranking_returns_sorted" time="0.150" /><testcase classname="backend.tests.backend_test.TestInterviews" name="test_hr_create_interview_notifies_pelamar" time="0.266" /><testcase classname="backend.tests.backend_test.TestInterviews" name="test_pelamar_lists_only_own_interviews" time="0.166" /><testcase classname="backend.tests.backend_test.TestMessages" name="test_message_roundtrip" time="0.419" /><testcase classname="backend.tests.backend_test.TestNotifications" name="test_get_and_read_all" time="0.211" /><testcase classname="backend.tests.backend_test.TestStats" name="test_pelamar_forbidden" time="0.151" /><testcase classname="backend.tests.backend_test.TestStats" name="test_hr_stats" time="0.120" /></testsuite></testsuites>